\BOOKMARK [0][-]{chapter.1}{\376\377\000H\000i\000e\000r\000a\000r\000c\000h\000i\000c\000a\000l\000\040\000I\000n\000d\000e\000x}{}% 1
\BOOKMARK [1][-]{section.1.1}{\376\377\000C\000l\000a\000s\000s\000\040\000H\000i\000e\000r\000a\000r\000c\000h\000y}{chapter.1}% 2
\BOOKMARK [0][-]{chapter.2}{\376\377\000C\000l\000a\000s\000s\000\040\000I\000n\000d\000e\000x}{}% 3
\BOOKMARK [1][-]{section.2.1}{\376\377\000C\000l\000a\000s\000s\000\040\000L\000i\000s\000t}{chapter.2}% 4
\BOOKMARK [0][-]{chapter.3}{\376\377\000F\000i\000l\000e\000\040\000I\000n\000d\000e\000x}{}% 5
\BOOKMARK [1][-]{section.3.1}{\376\377\000F\000i\000l\000e\000\040\000L\000i\000s\000t}{chapter.3}% 6
\BOOKMARK [0][-]{chapter.4}{\376\377\000C\000l\000a\000s\000s\000\040\000D\000o\000c\000u\000m\000e\000n\000t\000a\000t\000i\000o\000n}{}% 7
\BOOKMARK [1][-]{section.4.1}{\376\377\000t\000o\000o\000l\000s\000:\000:\000A\000r\000g\000s\000\040\000C\000l\000a\000s\000s\000\040\000R\000e\000f\000e\000r\000e\000n\000c\000e}{chapter.4}% 8
\BOOKMARK [2][-]{subsection.4.1.1}{\376\377\000D\000e\000t\000a\000i\000l\000e\000d\000\040\000D\000e\000s\000c\000r\000i\000p\000t\000i\000o\000n}{section.4.1}% 9
\BOOKMARK [1][-]{section.4.2}{\376\377\000w\000r\000i\000t\000e\000r\000:\000:\000C\000o\000n\000s\000o\000l\000e\000W\000r\000i\000t\000e\000r\000\040\000C\000l\000a\000s\000s\000\040\000R\000e\000f\000e\000r\000e\000n\000c\000e}{chapter.4}% 10
\BOOKMARK [2][-]{subsection.4.2.1}{\376\377\000D\000e\000t\000a\000i\000l\000e\000d\000\040\000D\000e\000s\000c\000r\000i\000p\000t\000i\000o\000n}{section.4.2}% 11
\BOOKMARK [2][-]{subsection.4.2.2}{\376\377\000M\000e\000m\000b\000e\000r\000\040\000F\000u\000n\000c\000t\000i\000o\000n\000\040\000D\000o\000c\000u\000m\000e\000n\000t\000a\000t\000i\000o\000n}{section.4.2}% 12
\BOOKMARK [3][-]{subsubsection.4.2.2.1}{\376\377\000w\000r\000i\000t\000e}{subsection.4.2.2}% 13
\BOOKMARK [1][-]{section.4.3}{\376\377\000s\000c\000e\000n\000a\000r\000i\000o\000s\000:\000:\000D\000a\000m\000B\000r\000e\000a\000k\000\040\000C\000l\000a\000s\000s\000\040\000R\000e\000f\000e\000r\000e\000n\000c\000e}{chapter.4}% 14
\BOOKMARK [2][-]{subsection.4.3.1}{\376\377\000C\000o\000n\000s\000t\000r\000u\000c\000t\000o\000r\000\040\000\046\000\040\000D\000e\000s\000t\000r\000u\000c\000t\000o\000r\000\040\000D\000o\000c\000u\000m\000e\000n\000t\000a\000t\000i\000o\000n}{section.4.3}% 15
\BOOKMARK [3][-]{subsubsection.4.3.1.1}{\376\377\000D\000a\000m\000B\000r\000e\000a\000k}{subsection.4.3.1}% 16
\BOOKMARK [2][-]{subsection.4.3.2}{\376\377\000M\000e\000m\000b\000e\000r\000\040\000F\000u\000n\000c\000t\000i\000o\000n\000\040\000D\000o\000c\000u\000m\000e\000n\000t\000a\000t\000i\000o\000n}{section.4.3}% 17
\BOOKMARK [3][-]{subsubsection.4.3.2.1}{\376\377\000g\000e\000t\000C\000e\000l\000l\000S\000i\000z\000e}{subsection.4.3.2}% 18
\BOOKMARK [3][-]{subsubsection.4.3.2.2}{\376\377\000g\000e\000t\000H\000e\000i\000g\000h\000t}{subsection.4.3.2}% 19
\BOOKMARK [3][-]{subsubsection.4.3.2.3}{\376\377\000g\000e\000t\000M\000o\000m\000e\000n\000t\000u\000m}{subsection.4.3.2}% 20
\BOOKMARK [1][-]{section.4.4}{\376\377\000s\000o\000l\000v\000e\000r\000:\000:\000F\000W\000a\000v\000e\000<\000\040\000T\000\040\000>\000\040\000C\000l\000a\000s\000s\000\040\000T\000e\000m\000p\000l\000a\000t\000e\000\040\000R\000e\000f\000e\000r\000e\000n\000c\000e}{chapter.4}% 21
\BOOKMARK [2][-]{subsection.4.4.1}{\376\377\000D\000e\000t\000a\000i\000l\000e\000d\000\040\000D\000e\000s\000c\000r\000i\000p\000t\000i\000o\000n}{section.4.4}% 22
\BOOKMARK [2][-]{subsection.4.4.2}{\376\377\000C\000o\000n\000s\000t\000r\000u\000c\000t\000o\000r\000\040\000\046\000\040\000D\000e\000s\000t\000r\000u\000c\000t\000o\000r\000\040\000D\000o\000c\000u\000m\000e\000n\000t\000a\000t\000i\000o\000n}{section.4.4}% 23
\BOOKMARK [3][-]{subsubsection.4.4.2.1}{\376\377\000F\000W\000a\000v\000e}{subsection.4.4.2}% 24
\BOOKMARK [2][-]{subsection.4.4.3}{\376\377\000M\000e\000m\000b\000e\000r\000\040\000F\000u\000n\000c\000t\000i\000o\000n\000\040\000D\000o\000c\000u\000m\000e\000n\000t\000a\000t\000i\000o\000n}{section.4.4}% 25
\BOOKMARK [3][-]{subsubsection.4.4.3.1}{\376\377\000c\000o\000m\000p\000u\000t\000e\000N\000e\000t\000U\000p\000d\000a\000t\000e\000s}{subsection.4.4.3}% 26
\BOOKMARK [1][-]{section.4.5}{\376\377\000F\000W\000a\000v\000e\000T\000e\000s\000t\000\040\000C\000l\000a\000s\000s\000\040\000R\000e\000f\000e\000r\000e\000n\000c\000e}{chapter.4}% 27
\BOOKMARK [2][-]{subsection.4.5.1}{\376\377\000M\000e\000m\000b\000e\000r\000\040\000F\000u\000n\000c\000t\000i\000o\000n\000\040\000D\000o\000c\000u\000m\000e\000n\000t\000a\000t\000i\000o\000n}{section.4.5}% 28
\BOOKMARK [3][-]{subsubsection.4.5.1.1}{\376\377\000t\000e\000s\000t\000\137\000b\000o\000t\000h\000\137\000l\000a\000m\000d\000a\000\137\000p\000o\000s\000\137\000n\000e\000g}{subsection.4.5.1}% 29
\BOOKMARK [3][-]{subsubsection.4.5.1.2}{\376\377\000t\000e\000s\000t\000\137\000s\000t\000e\000a\000d\000y\000\137\000s\000t\000a\000t\000e\000s}{subsection.4.5.1}% 30
\BOOKMARK [1][-]{section.4.6}{\376\377\000t\000o\000o\000l\000s\000:\000:\000L\000o\000g\000g\000e\000r\000\040\000C\000l\000a\000s\000s\000\040\000R\000e\000f\000e\000r\000e\000n\000c\000e}{chapter.4}% 31
\BOOKMARK [2][-]{subsection.4.6.1}{\376\377\000M\000e\000m\000b\000e\000r\000\040\000F\000u\000n\000c\000t\000i\000o\000n\000\040\000D\000o\000c\000u\000m\000e\000n\000t\000a\000t\000i\000o\000n}{section.4.6}% 32
\BOOKMARK [3][-]{subsubsection.4.6.1.1}{\376\377\000o\000p\000e\000r\000a\000t\000o\000r\000<\000<}{subsection.4.6.1}% 33
\BOOKMARK [3][-]{subsubsection.4.6.1.2}{\376\377\000o\000p\000e\000r\000a\000t\000o\000r\000<\000<}{subsection.4.6.1}% 34
\BOOKMARK [1][-]{section.4.7}{\376\377\000s\000c\000e\000n\000a\000r\000i\000o\000s\000:\000:\000R\000a\000r\000e\000\040\000C\000l\000a\000s\000s\000\040\000R\000e\000f\000e\000r\000e\000n\000c\000e}{chapter.4}% 35
\BOOKMARK [2][-]{subsection.4.7.1}{\376\377\000C\000o\000n\000s\000t\000r\000u\000c\000t\000o\000r\000\040\000\046\000\040\000D\000e\000s\000t\000r\000u\000c\000t\000o\000r\000\040\000D\000o\000c\000u\000m\000e\000n\000t\000a\000t\000i\000o\000n}{section.4.7}% 36
\BOOKMARK [3][-]{subsubsection.4.7.1.1}{\376\377\000R\000a\000r\000e}{subsection.4.7.1}% 37
\BOOKMARK [2][-]{subsection.4.7.2}{\376\377\000M\000e\000m\000b\000e\000r\000\040\000F\000u\000n\000c\000t\000i\000o\000n\000\040\000D\000o\000c\000u\000m\000e\000n\000t\000a\000t\000i\000o\000n}{section.4.7}% 38
\BOOKMARK [3][-]{subsubsection.4.7.2.1}{\376\377\000g\000e\000t\000H\000e\000i\000g\000h\000t}{subsection.4.7.2}% 39
\BOOKMARK [3][-]{subsubsection.4.7.2.2}{\376\377\000g\000e\000t\000M\000o\000m\000e\000n\000t\000u\000m}{subsection.4.7.2}% 40
\BOOKMARK [1][-]{section.4.8}{\376\377\000s\000c\000e\000n\000a\000r\000i\000o\000s\000:\000:\000s\000c\000e\000n\000a\000r\000i\000o\000B\000a\000s\000e\000\040\000C\000l\000a\000s\000s\000\040\000R\000e\000f\000e\000r\000e\000n\000c\000e}{chapter.4}% 41
\BOOKMARK [2][-]{subsection.4.8.1}{\376\377\000C\000o\000n\000s\000t\000r\000u\000c\000t\000o\000r\000\040\000\046\000\040\000D\000e\000s\000t\000r\000u\000c\000t\000o\000r\000\040\000D\000o\000c\000u\000m\000e\000n\000t\000a\000t\000i\000o\000n}{section.4.8}% 42
\BOOKMARK [3][-]{subsubsection.4.8.1.1}{\376\377\000s\000c\000e\000n\000a\000r\000i\000o\000B\000a\000s\000e}{subsection.4.8.1}% 43
\BOOKMARK [2][-]{subsection.4.8.2}{\376\377\000M\000e\000m\000b\000e\000r\000\040\000F\000u\000n\000c\000t\000i\000o\000n\000\040\000D\000o\000c\000u\000m\000e\000n\000t\000a\000t\000i\000o\000n}{section.4.8}% 44
\BOOKMARK [3][-]{subsubsection.4.8.2.1}{\376\377\000g\000e\000t\000C\000e\000l\000l\000S\000i\000z\000e}{subsection.4.8.2}% 45
\BOOKMARK [3][-]{subsubsection.4.8.2.2}{\376\377\000g\000e\000t\000H\000e\000i\000g\000h\000t}{subsection.4.8.2}% 46
\BOOKMARK [3][-]{subsubsection.4.8.2.3}{\376\377\000g\000e\000t\000M\000o\000m\000e\000n\000t\000u\000m}{subsection.4.8.2}% 47
\BOOKMARK [2][-]{subsection.4.8.3}{\376\377\000M\000e\000m\000b\000e\000r\000\040\000D\000a\000t\000a\000\040\000D\000o\000c\000u\000m\000e\000n\000t\000a\000t\000i\000o\000n}{section.4.8}% 48
\BOOKMARK [3][-]{subsubsection.4.8.3.1}{\376\377\000m\000\137\000s\000i\000z\000e}{subsection.4.8.3}% 49
\BOOKMARK [1][-]{section.4.9}{\376\377\000s\000c\000e\000n\000a\000r\000i\000o\000s\000:\000:\000S\000h\000o\000c\000k\000\040\000C\000l\000a\000s\000s\000\040\000R\000e\000f\000e\000r\000e\000n\000c\000e}{chapter.4}% 50
\BOOKMARK [2][-]{subsection.4.9.1}{\376\377\000D\000e\000t\000a\000i\000l\000e\000d\000\040\000D\000e\000s\000c\000r\000i\000p\000t\000i\000o\000n}{section.4.9}% 51
\BOOKMARK [2][-]{subsection.4.9.2}{\376\377\000C\000o\000n\000s\000t\000r\000u\000c\000t\000o\000r\000\040\000\046\000\040\000D\000e\000s\000t\000r\000u\000c\000t\000o\000r\000\040\000D\000o\000c\000u\000m\000e\000n\000t\000a\000t\000i\000o\000n}{section.4.9}% 52
\BOOKMARK [3][-]{subsubsection.4.9.2.1}{\376\377\000S\000h\000o\000c\000k}{subsection.4.9.2}% 53
\BOOKMARK [2][-]{subsection.4.9.3}{\376\377\000M\000e\000m\000b\000e\000r\000\040\000F\000u\000n\000c\000t\000i\000o\000n\000\040\000D\000o\000c\000u\000m\000e\000n\000t\000a\000t\000i\000o\000n}{section.4.9}% 54
\BOOKMARK [3][-]{subsubsection.4.9.3.1}{\376\377\000g\000e\000t\000H\000e\000i\000g\000h\000t}{subsection.4.9.3}% 55
\BOOKMARK [3][-]{subsubsection.4.9.3.2}{\376\377\000g\000e\000t\000M\000o\000m\000e\000n\000t\000u\000m}{subsection.4.9.3}% 56
\BOOKMARK [1][-]{section.4.10}{\376\377\000c\000x\000x\000t\000e\000s\000t\000.\000T\000o\000o\000l\000C\000x\000x\000T\000e\000s\000t\000W\000a\000r\000n\000i\000n\000g\000\040\000C\000l\000a\000s\000s\000\040\000R\000e\000f\000e\000r\000e\000n\000c\000e}{chapter.4}% 57
\BOOKMARK [1][-]{section.4.11}{\376\377\000w\000r\000i\000t\000e\000r\000:\000:\000V\000t\000k\000W\000r\000i\000t\000e\000r\000\040\000C\000l\000a\000s\000s\000\040\000R\000e\000f\000e\000r\000e\000n\000c\000e}{chapter.4}% 58
\BOOKMARK [2][-]{subsection.4.11.1}{\376\377\000D\000e\000t\000a\000i\000l\000e\000d\000\040\000D\000e\000s\000c\000r\000i\000p\000t\000i\000o\000n}{section.4.11}% 59
\BOOKMARK [2][-]{subsection.4.11.2}{\376\377\000M\000e\000m\000b\000e\000r\000\040\000F\000u\000n\000c\000t\000i\000o\000n\000\040\000D\000o\000c\000u\000m\000e\000n\000t\000a\000t\000i\000o\000n}{section.4.11}% 60
\BOOKMARK [3][-]{subsubsection.4.11.2.1}{\376\377\000w\000r\000i\000t\000e}{subsection.4.11.2}% 61
\BOOKMARK [1][-]{section.4.12}{\376\377\000W\000a\000v\000e\000P\000r\000o\000p\000a\000g\000a\000t\000i\000o\000n\000\040\000C\000l\000a\000s\000s\000\040\000R\000e\000f\000e\000r\000e\000n\000c\000e}{chapter.4}% 62
\BOOKMARK [2][-]{subsection.4.12.1}{\376\377\000D\000e\000t\000a\000i\000l\000e\000d\000\040\000D\000e\000s\000c\000r\000i\000p\000t\000i\000o\000n}{section.4.12}% 63
\BOOKMARK [2][-]{subsection.4.12.2}{\376\377\000C\000o\000n\000s\000t\000r\000u\000c\000t\000o\000r\000\040\000\046\000\040\000D\000e\000s\000t\000r\000u\000c\000t\000o\000r\000\040\000D\000o\000c\000u\000m\000e\000n\000t\000a\000t\000i\000o\000n}{section.4.12}% 64
\BOOKMARK [3][-]{subsubsection.4.12.2.1}{\376\377\000W\000a\000v\000e\000P\000r\000o\000p\000a\000g\000a\000t\000i\000o\000n}{subsection.4.12.2}% 65
\BOOKMARK [2][-]{subsection.4.12.3}{\376\377\000M\000e\000m\000b\000e\000r\000\040\000F\000u\000n\000c\000t\000i\000o\000n\000\040\000D\000o\000c\000u\000m\000e\000n\000t\000a\000t\000i\000o\000n}{section.4.12}% 66
\BOOKMARK [3][-]{subsubsection.4.12.3.1}{\376\377\000c\000o\000m\000p\000u\000t\000e\000N\000u\000m\000e\000r\000i\000c\000a\000l\000F\000l\000u\000x\000e\000s}{subsection.4.12.3}% 67
\BOOKMARK [3][-]{subsubsection.4.12.3.2}{\376\377\000s\000e\000t\000O\000u\000t\000f\000l\000o\000w\000B\000o\000u\000n\000d\000a\000r\000y\000C\000o\000n\000d\000i\000t\000i\000o\000n\000s}{subsection.4.12.3}% 68
\BOOKMARK [3][-]{subsubsection.4.12.3.3}{\376\377\000u\000p\000d\000a\000t\000e\000U\000n\000k\000n\000o\000w\000n\000s}{subsection.4.12.3}% 69
\BOOKMARK [0][-]{chapter.5}{\376\377\000F\000i\000l\000e\000\040\000D\000o\000c\000u\000m\000e\000n\000t\000a\000t\000i\000o\000n}{}% 70
\BOOKMARK [1][-]{section.5.1}{\376\377\000s\000r\000c\000/\000m\000a\000i\000n\000.\000c\000p\000p\000\040\000F\000i\000l\000e\000\040\000R\000e\000f\000e\000r\000e\000n\000c\000e}{chapter.5}% 71
\BOOKMARK [2][-]{subsection.5.1.1}{\376\377\000D\000e\000t\000a\000i\000l\000e\000d\000\040\000D\000e\000s\000c\000r\000i\000p\000t\000i\000o\000n}{section.5.1}% 72
\BOOKMARK [1][-]{section.5.2}{\376\377\000s\000r\000c\000/\000s\000c\000e\000n\000a\000r\000i\000o\000s\000/\000d\000a\000m\000b\000r\000e\000a\000k\000.\000h\000\040\000F\000i\000l\000e\000\040\000R\000e\000f\000e\000r\000e\000n\000c\000e}{chapter.5}% 73
\BOOKMARK [2][-]{subsection.5.2.1}{\376\377\000D\000e\000t\000a\000i\000l\000e\000d\000\040\000D\000e\000s\000c\000r\000i\000p\000t\000i\000o\000n}{section.5.2}% 74
\BOOKMARK [1][-]{section.5.3}{\376\377\000s\000r\000c\000/\000t\000o\000o\000l\000s\000/\000a\000r\000g\000s\000.\000c\000p\000p\000\040\000F\000i\000l\000e\000\040\000R\000e\000f\000e\000r\000e\000n\000c\000e}{chapter.5}% 75
\BOOKMARK [2][-]{subsection.5.3.1}{\376\377\000D\000e\000t\000a\000i\000l\000e\000d\000\040\000D\000e\000s\000c\000r\000i\000p\000t\000i\000o\000n}{section.5.3}% 76
\BOOKMARK [1][-]{section.5.4}{\376\377\000s\000r\000c\000/\000t\000o\000o\000l\000s\000/\000a\000r\000g\000s\000.\000h\000\040\000F\000i\000l\000e\000\040\000R\000e\000f\000e\000r\000e\000n\000c\000e}{chapter.5}% 77
\BOOKMARK [2][-]{subsection.5.4.1}{\376\377\000D\000e\000t\000a\000i\000l\000e\000d\000\040\000D\000e\000s\000c\000r\000i\000p\000t\000i\000o\000n}{section.5.4}% 78
\BOOKMARK [1][-]{section.5.5}{\376\377\000s\000r\000c\000/\000t\000o\000o\000l\000s\000/\000l\000o\000g\000g\000e\000r\000.\000c\000p\000p\000\040\000F\000i\000l\000e\000\040\000R\000e\000f\000e\000r\000e\000n\000c\000e}{chapter.5}% 79
\BOOKMARK [2][-]{subsection.5.5.1}{\376\377\000D\000e\000t\000a\000i\000l\000e\000d\000\040\000D\000e\000s\000c\000r\000i\000p\000t\000i\000o\000n}{section.5.5}% 80
\BOOKMARK [1][-]{section.5.6}{\376\377\000s\000r\000c\000/\000t\000o\000o\000l\000s\000/\000l\000o\000g\000g\000e\000r\000.\000h\000\040\000F\000i\000l\000e\000\040\000R\000e\000f\000e\000r\000e\000n\000c\000e}{chapter.5}% 81
\BOOKMARK [2][-]{subsection.5.6.1}{\376\377\000D\000e\000t\000a\000i\000l\000e\000d\000\040\000D\000e\000s\000c\000r\000i\000p\000t\000i\000o\000n}{section.5.6}% 82
\BOOKMARK [1][-]{section.5.7}{\376\377\000s\000r\000c\000/\000t\000y\000p\000e\000s\000.\000h\000\040\000F\000i\000l\000e\000\040\000R\000e\000f\000e\000r\000e\000n\000c\000e}{chapter.5}% 83
\BOOKMARK [2][-]{subsection.5.7.1}{\376\377\000D\000e\000t\000a\000i\000l\000e\000d\000\040\000D\000e\000s\000c\000r\000i\000p\000t\000i\000o\000n}{section.5.7}% 84
\BOOKMARK [1][-]{section.5.8}{\376\377\000s\000r\000c\000/\000W\000a\000v\000e\000P\000r\000o\000p\000a\000g\000a\000t\000i\000o\000n\000.\000c\000p\000p\000\040\000F\000i\000l\000e\000\040\000R\000e\000f\000e\000r\000e\000n\000c\000e}{chapter.5}% 85
\BOOKMARK [2][-]{subsection.5.8.1}{\376\377\000D\000e\000t\000a\000i\000l\000e\000d\000\040\000D\000e\000s\000c\000r\000i\000p\000t\000i\000o\000n}{section.5.8}% 86
\BOOKMARK [1][-]{section.5.9}{\376\377\000s\000r\000c\000/\000W\000a\000v\000e\000P\000r\000o\000p\000a\000g\000a\000t\000i\000o\000n\000.\000h\000\040\000F\000i\000l\000e\000\040\000R\000e\000f\000e\000r\000e\000n\000c\000e}{chapter.5}% 87
\BOOKMARK [2][-]{subsection.5.9.1}{\376\377\000D\000e\000t\000a\000i\000l\000e\000d\000\040\000D\000e\000s\000c\000r\000i\000p\000t\000i\000o\000n}{section.5.9}% 88
\BOOKMARK [1][-]{section.5.10}{\376\377\000s\000r\000c\000/\000w\000r\000i\000t\000e\000r\000/\000C\000o\000n\000s\000o\000l\000e\000W\000r\000i\000t\000e\000r\000.\000h\000\040\000F\000i\000l\000e\000\040\000R\000e\000f\000e\000r\000e\000n\000c\000e}{chapter.5}% 89
\BOOKMARK [2][-]{subsection.5.10.1}{\376\377\000D\000e\000t\000a\000i\000l\000e\000d\000\040\000D\000e\000s\000c\000r\000i\000p\000t\000i\000o\000n}{section.5.10}% 90
\BOOKMARK [1][-]{section.5.11}{\376\377\000s\000r\000c\000/\000w\000r\000i\000t\000e\000r\000/\000V\000t\000k\000W\000r\000i\000t\000e\000r\000.\000h\000\040\000F\000i\000l\000e\000\040\000R\000e\000f\000e\000r\000e\000n\000c\000e}{chapter.5}% 91
\BOOKMARK [2][-]{subsection.5.11.1}{\376\377\000D\000e\000t\000a\000i\000l\000e\000d\000\040\000D\000e\000s\000c\000r\000i\000p\000t\000i\000o\000n}{section.5.11}% 92
\BOOKMARK [0][-]{section*.28}{\376\377\000I\000n\000d\000e\000x}{}% 93
